<?xml version="1.0" encoding="UTF-8"?>
<testng-results skipped="0" failed="0" ignored="0" total="2" passed="2">
  <reporter-output>
  </reporter-output>
  <suite name="Suite1" duration-ms="37717" started-at="2018-02-17T15:12:33Z" finished-at="2018-02-17T15:13:11Z">
    <groups>
    </groups>
    <test name="MyntraTest" duration-ms="37717" started-at="2018-02-17T15:12:33Z" finished-at="2018-02-17T15:13:11Z">
      <class name="com.Automation.Script.Registration">
        <test-method status="PASS" signature="launchApp()[pri:0, instance:com.Automation.Script.Registration@1b26f7b2]" name="launchApp" is-config="true" duration-ms="16184" started-at="2018-02-17T15:12:33Z" finished-at="2018-02-17T15:12:50Z">
          <reporter-output>
          </reporter-output>
        </test-method> <!-- launchApp -->
        <test-method status="PASS" signature="registrationmethod()[pri:0, instance:com.Automation.Script.Registration@1b26f7b2]" name="registrationmethod" duration-ms="11364" started-at="2018-02-17T15:12:50Z" finished-at="2018-02-17T15:13:01Z">
          <reporter-output>
          </reporter-output>
        </test-method> <!-- registrationmethod -->
        <test-method status="PASS" signature="End()[pri:0, instance:com.Automation.Script.Registration@1b26f7b2]" name="End" is-config="true" duration-ms="683" started-at="2018-02-17T15:13:01Z" finished-at="2018-02-17T15:13:02Z">
          <reporter-output>
          </reporter-output>
        </test-method> <!-- End -->
      </class> <!-- com.Automation.Script.Registration -->
      <class name="com.Automation.Script.Login_Logout">
        <test-method status="PASS" signature="launchApp()[pri:0, instance:com.Automation.Script.Login_Logout@491cc5c9]" name="launchApp" is-config="true" duration-ms="5417" started-at="2018-02-17T15:13:02Z" finished-at="2018-02-17T15:13:07Z">
          <reporter-output>
          </reporter-output>
        </test-method> <!-- launchApp -->
        <test-method status="PASS" signature="loginLogout()[pri:0, instance:com.Automation.Script.Login_Logout@491cc5c9]" name="loginLogout" duration-ms="3354" started-at="2018-02-17T15:13:07Z" finished-at="2018-02-17T15:13:10Z">
          <reporter-output>
          </reporter-output>
        </test-method> <!-- loginLogout -->
        <test-method status="PASS" signature="End()[pri:0, instance:com.Automation.Script.Login_Logout@491cc5c9]" name="End" is-config="true" duration-ms="672" started-at="2018-02-17T15:13:10Z" finished-at="2018-02-17T15:13:11Z">
          <reporter-output>
          </reporter-output>
        </test-method> <!-- End -->
      </class> <!-- com.Automation.Script.Login_Logout -->
    </test> <!-- MyntraTest -->
  </suite> <!-- Suite1 -->
</testng-results>
